PRT1
15
40
4 0 10 (1024 0 1024 ) (1024 0 2496 ) (624 0 2496 ) (624 0 1024 ) 
4 0 6 (624 512 1024 ) (624 1024 1024 ) (1024 1024 1024 ) (1024 512 1024 ) 
4 0 4 (624 120.207680 1102.390015 ) (624 493.588531 2496 ) (624 501.784943 2496 ) (624 127.929993 1100.309937 ) 
4 0 3 (624 107.489319 1024 ) (624 99.205154 1024 ) (624 103.646942 1040.578613 ) (624 111.373230 1038.499634 ) 
4 0 2 (624 99.205154 1024 ) (624 0 1024 ) (624 0 2496 ) (624 493.588531 2496 ) 
4 0 1 (624 1024 1024 ) (624 107.489319 1024 ) (624 501.784943 2496 ) (624 1024 2496 ) 
4 1 7 (496 107.490280 1024 ) (496 512 1024 ) (512 512 1024 ) (512 107.490158 1024 ) 
4 1 6 (496 512 1024 ) (496 1024 1024 ) (624 1024 1024 ) (624 512 1024 ) 
4 1 4 (496 501.788086 2496 ) (496 127.932953 1100.309204 ) (624 127.930916 1100.309692 ) (624 501.787109 2496 ) 
4 1 3 (496 111.376160 1038.498779 ) (496 107.492462 1024 ) (624 107.490234 1024 ) (624 111.374100 1038.499390 ) 
4 1 5 (496 1024 1024 ) (496 107.490295 1024 ) (496 501.785950 2496 ) (496 1024 2496 ) 
4 2 13 (512 0 2496 ) (496 0 2496 ) (496 0 1024 ) (512 0 1024 ) 
4 2 10 (624 0 2496 ) (512 0 2496 ) (512 0 1024 ) (624 0 1024 ) 
4 2 7 (512 0 1024 ) (496 0 1024 ) (496 99.205154 1024 ) (512 99.205154 1024 ) 
4 2 4 (624 493.587891 2496 ) (624 120.207184 1102.390137 ) (496 120.207581 1102.390015 ) (496 493.587891 2496 ) 
4 2 3 (624 103.646454 1040.578735 ) (624 99.204620 1024 ) (496 99.205078 1024 ) (496 103.646858 1040.578613 ) 
4 2 5 (496 99.205154 1024 ) (496 0 1024 ) (496 0 2496 ) (496 493.588531 2496 ) 
4 3 7 (496 99.205154 1024 ) (496 107.490280 1024 ) (512 107.490158 1024 ) (512 99.205154 1024 ) 
4 3 5 (496 107.490295 1024 ) (496 99.205154 1024 ) (496 103.646942 1040.578613 ) (496 111.374146 1038.499268 ) 
4 4 5 (496 120.207680 1102.390015 ) (496 493.588531 2496 ) (496 501.785950 2496 ) (496 127.930939 1100.309692 ) 
4 5 13 (496 0 2496 ) (0 0 2496 ) (0 0 1024 ) (496 0 1024 ) 
4 5 9 (0 0 1024 ) (0 0 2496 ) (0 1024 2496 ) (0 1024 1024 ) 
4 5 7 (496 0 1024 ) (0 0 1024 ) (0 512 1024 ) (496 512 1024 ) 
4 5 6 (0 512 1024 ) (0 1024 1024 ) (496 1024 1024 ) (496 512 1024 ) 
4 6 9 (0 512 1024 ) (0 1024 1024 ) (0 1024 960 ) (0 512 960 ) 
4 6 8 (0 512 960 ) (0 1024 960 ) (1024 1024 960 ) (1024 512 960 ) 
4 6 7 (0 512 960 ) (512 512 960 ) (512 512 1024 ) (0 512 1024 ) 
4 7 13 (512 0 1024 ) (0 0 1024 ) (0 0 960 ) (512 0 960 ) 
4 7 9 (0 0 960 ) (0 0 1024 ) (0 512 1024 ) (0 512 960 ) 
4 7 8 (0 0 960 ) (0 512 960 ) (512 512 960 ) (512 0 960 ) 
4 8 13 (512 0 960 ) (0 0 960 ) (0 0 64 ) (512 0 64 ) 
4 8 12 (1024 0 64 ) (1024 0 960 ) (512 0 960 ) (512 0 64 ) 
4 8 9 (0 0 64 ) (0 0 960 ) (0 1024 960 ) (0 1024 64 ) 
4 9 14 (0 0 64 ) (0 0 2496 ) (-1024 0 2496 ) (-1024 0 64 ) 
4 10 13 (512 0 2496 ) (512 0 1024 ) (512 -1024 1024 ) (512 -1024 2496 ) 
4 10 11 (1024 -1024 1024 ) (512 -1024 1024 ) (512 -512 1024 ) (1024 -512 1024 ) 
4 11 13 (512 -512 960 ) (512 -1024 960 ) (512 -1024 1024 ) (512 -512 1024 ) 
4 11 12 (512 -1024 960 ) (512 -512 960 ) (1024 -512 960 ) (1024 -1024 960 ) 
4 12 13 (512 0 960 ) (512 0 64 ) (512 -1024 64 ) (512 -1024 960 ) 
4 13 14 (0 0 2496 ) (0 0 64 ) (0 -1024 64 ) (0 -1024 2496 ) 
